apps/Full_auto_testapp/app/build/intermediates/manifest_merge_blame_file/release/manifest-merger-blame-release-report.txt
1<?xml version="1.0" encoding="utf-8"?>
2<manifest xmlns:android="http://schemas.android.com/apk/res/android"
3    package="sdl.android.testapp"
4    android:versionCode="1"
5    android:versionName="1.0" >
6
7    <uses-sdk
8        android:minSdkVersion="19"
8-->src\main\AndroidManifest.xml
9        android:targetSdkVersion="29" />
9-->src\main\AndroidManifest.xml
10
11    <uses-permission android:name="android.permission.CAMERA" />
11-->src\main\AndroidManifest.xml:8:5-65
11-->src\main\AndroidManifest.xml:8:22-62
12    <uses-permission android:name="android.permission.FLASHLIGHT" />
12-->src\main\AndroidManifest.xml:10:5-69
12-->src\main\AndroidManifest.xml:10:22-66
13    <uses-permission android:name="android.permission.VIBRATE" />
13-->src\main\AndroidManifest.xml:12:5-66
13-->src\main\AndroidManifest.xml:12:22-63
14    <uses-permission android:name="android.permission.INTERNET" />
14-->src\main\AndroidManifest.xml:14:5-67
14-->src\main\AndroidManifest.xml:14:22-64
15    <uses-permission android:name="android.permission.READ_PHONE_STAT" />
15-->src\main\AndroidManifest.xml:16:5-74
15-->src\main\AndroidManifest.xml:16:22-71
16    <uses-permission android:name="android.permission.WRITE_EXTERNAL_STORAGE" />
16-->src\main\AndroidManifest.xml:18:5-80
16-->src\main\AndroidManifest.xml:18:22-78
17    <uses-permission android:name="android.permission.READ_EXTERNAL_STORAGE" />
17-->src\main\AndroidManifest.xml:19:5-80
17-->src\main\AndroidManifest.xml:19:22-77
18
19    <application
19-->src\main\AndroidManifest.xml:21:5-42:19
20        android:icon="@drawable/ic_launcher"
20-->src\main\AndroidManifest.xml:22:9-45
21        android:label="@string/app_name" >
21-->src\main\AndroidManifest.xml:23:9-41
22        <activity
22-->src\main\AndroidManifest.xml:25:9-35:20
23            android:name="sdl.android.testapp.SW_Decode_Android_TestApp_Activity"
23-->src\main\AndroidManifest.xml:26:13-82
24            android:label="@string/app_name"
24-->src\main\AndroidManifest.xml:27:13-45
25            android:screenOrientation="portrait"
25-->src\main\AndroidManifest.xml:29:13-49
26            android:windowSoftInputMode="stateHidden|adjustResize" >
26-->src\main\AndroidManifest.xml:28:13-67
27            <intent-filter>
27-->src\main\AndroidManifest.xml:30:13-34:29
28                <action android:name="android.intent.action.MAIN" />
28-->src\main\AndroidManifest.xml:31:17-69
28-->src\main\AndroidManifest.xml:31:25-66
29
30                <category android:name="android.intent.category.LAUNCHER" />
30-->src\main\AndroidManifest.xml:33:17-77
30-->src\main\AndroidManifest.xml:33:27-74
31            </intent-filter>
32        </activity>
33        <activity
33-->src\main\AndroidManifest.xml:36:9-39:20
34            android:name="sdl.android.testapp.GetLastDecodedImageActivity"
34-->src\main\AndroidManifest.xml:37:13-75
35            android:label="@string/title_activity_get_last_decoded_image" >
35-->src\main\AndroidManifest.xml:38:13-74
36        </activity>
37
38        <service android:name="sdl.android.testapp.NextSubtestService" />
38-->src\main\AndroidManifest.xml:40:9-74
38-->src\main\AndroidManifest.xml:40:18-71
39    </application>
40
41</manifest>